<?xml version="1.0" encoding="UTF-8"?>
<testsuite name="de.uulm.first.ui_extension.FunctionalityTest" time="0.001" tests="3" errors="0" skipped="0" failures="0">
  <properties>
[...]
</properties>
  <testcase name="aSecondTest" classname="de.uulm.first.ui_extension.FunctionalityTest" time="0.001"/>
  <testcase name="aFailedTest" classname="de.uulm.first.ui_extension.FunctionalityTest" time="0"/>
  <testcase name="meaningOfEverythingTest" classname="de.uulm.first.ui_extension.FunctionalityTest" time="0"/>
</testsuite>