<?xml version="1.0" encoding="UTF-8"?>
<testsuite xmlns:xsi="http://www.w3.org/2001/XMLSchema-instance" xsi:noNamespaceSchemaLocation="https://maven.apache.org/surefire/maven-surefire-plugin/xsd/surefire-test-report.xsd" name="de.uulm.first.ui_extension.FunctionalityTest" time="0.05" tests="3" errors="0" skipped="0" failures="0">
  <properties>
[...]
</properties>
  <testcase name="aSecondTest" classname="de.uulm.first.ui_extension.FunctionalityTest" time="0.003"/>
  <testcase name="aFailedTest" classname="de.uulm.first.ui_extension.FunctionalityTest" time="0.001"/>
  <testcase name="meaningOfEverythingTest" classname="de.uulm.first.ui_extension.FunctionalityTest" time="0"/>
</testsuite>